{"/home/yisroel/packages/neo-forgery-all/neo-forgery/src/custom/records/instanciateCapturedResult.ts": {"path":"/home/yisroel/packages/neo-forgery-all/neo-forgery/src/custom/records/instanciateCapturedResult.ts","statementMap":{"0":{"start":{"line":2,"column":0},"end":{"line":2,"column":86}},"1":{"start":{"line":4,"column":15},"end":{"line":4,"column":51}},"2":{"start":{"line":7,"column":22},"end":{"line":7,"column":36}},"3":{"start":{"line":8,"column":4},"end":{"line":10,"column":null}},"4":{"start":{"line":9,"column":8},"end":{"line":9,"column":61}},"5":{"start":{"line":6,"column":0},"end":{"line":6,"column":16}}},"fnMap":{"0":{"name":"instanciateCapturedResult","decl":{"start":{"line":6,"column":16},"end":{"line":6,"column":41}},"loc":{"start":{"line":6,"column":61},"end":{"line":11,"column":1}}},"1":{"name":"(anonymous_1)","decl":{"start":{"line":8,"column":23},"end":{"line":8,"column":24}},"loc":{"start":{"line":9,"column":8},"end":{"line":9,"column":61}}}},"branchMap":{},"s":{"0":2,"1":2,"2":2,"3":2,"4":2,"5":2},"f":{"0":2,"1":2},"b":{}}
,"/home/yisroel/packages/neo-forgery-all/neo-forgery/src/custom/records/instanciateRecord.ts": {"path":"/home/yisroel/packages/neo-forgery-all/neo-forgery/src/custom/records/instanciateRecord.ts","statementMap":{"0":{"start":{"line":2,"column":15},"end":{"line":2,"column":51}},"1":{"start":{"line":5,"column":17},"end":{"line":5,"column":48}},"2":{"start":{"line":6,"column":19},"end":{"line":6,"column":52}},"3":{"start":{"line":7,"column":29},"end":{"line":7,"column":31}},"4":{"start":{"line":8,"column":4},"end":{"line":10,"column":null}},"5":{"start":{"line":9,"column":8},"end":{"line":9,"column":null}},"6":{"start":{"line":12,"column":4},"end":{"line":12,"column":null}},"7":{"start":{"line":4,"column":0},"end":{"line":4,"column":16}}},"fnMap":{"0":{"name":"instanciateRecord","decl":{"start":{"line":4,"column":16},"end":{"line":4,"column":33}},"loc":{"start":{"line":4,"column":72},"end":{"line":13,"column":1}}},"1":{"name":"(anonymous_1)","decl":{"start":{"line":8,"column":13},"end":{"line":8,"column":14}},"loc":{"start":{"line":8,"column":41},"end":{"line":10,"column":5}}}},"branchMap":{},"s":{"0":3,"1":25,"2":25,"3":25,"4":25,"5":150,"6":25,"7":3},"f":{"0":25,"1":150},"b":{}}
,"/home/yisroel/packages/neo-forgery-all/neo-forgery/src/custom/records/instanciateRecordFromSampleOutput.ts": {"path":"/home/yisroel/packages/neo-forgery-all/neo-forgery/src/custom/records/instanciateRecordFromSampleOutput.ts","statementMap":{"0":{"start":{"line":2,"column":15},"end":{"line":2,"column":51}},"1":{"start":{"line":5,"column":4},"end":{"line":9,"column":null}},"2":{"start":{"line":4,"column":0},"end":{"line":4,"column":16}}},"fnMap":{"0":{"name":"instanciateRecordFromSampleOutput","decl":{"start":{"line":4,"column":16},"end":{"line":4,"column":49}},"loc":{"start":{"line":4,"column":88},"end":{"line":10,"column":1}}}},"branchMap":{},"s":{"0":3,"1":3,"2":3},"f":{"0":3},"b":{}}
,"/home/yisroel/packages/neo-forgery-all/neo-forgery/src/custom/records/instanciateRecordList.ts": {"path":"/home/yisroel/packages/neo-forgery-all/neo-forgery/src/custom/records/instanciateRecordList.ts","statementMap":{"0":{"start":{"line":2,"column":0},"end":{"line":2,"column":54}},"1":{"start":{"line":4,"column":15},"end":{"line":4,"column":51}},"2":{"start":{"line":7,"column":4},"end":{"line":7,"column":null}},"3":{"start":{"line":7,"column":57},"end":{"line":7,"column":94}},"4":{"start":{"line":6,"column":0},"end":{"line":6,"column":16}}},"fnMap":{"0":{"name":"instanciateRecordList","decl":{"start":{"line":6,"column":16},"end":{"line":6,"column":37}},"loc":{"start":{"line":6,"column":79},"end":{"line":8,"column":1}}},"1":{"name":"(anonymous_1)","decl":{"start":{"line":7,"column":35},"end":{"line":7,"column":53}},"loc":{"start":{"line":7,"column":57},"end":{"line":7,"column":94}}}},"branchMap":{},"s":{"0":2,"1":2,"2":2,"3":24,"4":2},"f":{"0":2,"1":24},"b":{}}
,"/home/yisroel/packages/neo-forgery-all/neo-forgery/src/custom/results/mockResultsFromCapturedOutput.ts": {"path":"/home/yisroel/packages/neo-forgery-all/neo-forgery/src/custom/results/mockResultsFromCapturedOutput.ts","statementMap":{"0":{"start":{"line":1,"column":0},"end":{"line":1,"column":79}},"1":{"start":{"line":5,"column":20},"end":{"line":5,"column":59}},"2":{"start":{"line":6,"column":4},"end":{"line":9,"column":null}},"3":{"start":{"line":4,"column":0},"end":{"line":4,"column":16}}},"fnMap":{"0":{"name":"mockResultsFromCapturedOutput","decl":{"start":{"line":4,"column":16},"end":{"line":4,"column":45}},"loc":{"start":{"line":4,"column":70},"end":{"line":10,"column":1}}}},"branchMap":{},"s":{"0":1,"1":1,"2":1,"3":1},"f":{"0":1},"b":{}}
,"/home/yisroel/packages/neo-forgery-all/neo-forgery/src/custom/results/mockResultsFromData.ts": {"path":"/home/yisroel/packages/neo-forgery-all/neo-forgery/src/custom/results/mockResultsFromData.ts","statementMap":{"0":{"start":{"line":5,"column":0},"end":{"line":5,"column":71}},"1":{"start":{"line":8,"column":20},"end":{"line":8,"column":56}},"2":{"start":{"line":9,"column":4},"end":{"line":12,"column":null}},"3":{"start":{"line":7,"column":0},"end":{"line":7,"column":16}}},"fnMap":{"0":{"name":"mockResultsFromData","decl":{"start":{"line":7,"column":16},"end":{"line":7,"column":35}},"loc":{"start":{"line":7,"column":71},"end":{"line":13,"column":1}}}},"branchMap":{},"s":{"0":1,"1":1,"2":1,"3":1},"f":{"0":1},"b":{}}
,"/home/yisroel/packages/neo-forgery-all/neo-forgery/src/custom/session/mockSession.ts": {"path":"/home/yisroel/packages/neo-forgery-all/neo-forgery/src/custom/session/mockSession.ts","statementMap":{"0":{"start":{"line":3,"column":14},"end":{"line":3,"column":37}},"1":{"start":{"line":5,"column":25},"end":{"line":9,"column":2}},"2":{"start":{"line":12,"column":19},"end":{"line":17,"column":null}},"3":{"start":{"line":19,"column":24},"end":{"line":19,"column":40}},"4":{"start":{"line":20,"column":4},"end":{"line":20,"column":null}},"5":{"start":{"line":21,"column":4},"end":{"line":21,"column":null}},"6":{"start":{"line":11,"column":0},"end":{"line":11,"column":16}},"7":{"start":{"line":24,"column":0},"end":{"line":24,"column":29}}},"fnMap":{"0":{"name":"mockSession","decl":{"start":{"line":11,"column":16},"end":{"line":11,"column":27}},"loc":{"start":{"line":11,"column":52},"end":{"line":22,"column":1}}}},"branchMap":{},"s":{"0":1,"1":1,"2":1,"3":1,"4":1,"5":1,"6":1,"7":1},"f":{"0":1},"b":{}}
,"/home/yisroel/packages/neo-forgery-all/neo-forgery/src/custom/session/mockSessionFromQuerySet.ts": {"path":"/home/yisroel/packages/neo-forgery-all/neo-forgery/src/custom/session/mockSessionFromQuerySet.ts","statementMap":{"0":{"start":{"line":4,"column":14},"end":{"line":4,"column":37}},"1":{"start":{"line":6,"column":25},"end":{"line":10,"column":2}},"2":{"start":{"line":13,"column":19},"end":{"line":18,"column":null}},"3":{"start":{"line":22,"column":24},"end":{"line":22,"column":40}},"4":{"start":{"line":23,"column":4},"end":{"line":34,"column":null}},"5":{"start":{"line":24,"column":26},"end":{"line":24,"column":28}},"6":{"start":{"line":25,"column":8},"end":{"line":30,"column":null}},"7":{"start":{"line":26,"column":12},"end":{"line":29,"column":null}},"8":{"start":{"line":28,"column":16},"end":{"line":28,"column":null}},"9":{"start":{"line":31,"column":8},"end":{"line":31,"column":null}},"10":{"start":{"line":31,"column":27},"end":{"line":31,"column":null}},"11":{"start":{"line":32,"column":8},"end":{"line":33,"column":null}},"12":{"start":{"line":35,"column":4},"end":{"line":35,"column":null}},"13":{"start":{"line":38,"column":0},"end":{"line":38,"column":41}}},"fnMap":{"0":{"name":"mockSessionFromQuerySet","decl":{"start":{"line":12,"column":9},"end":{"line":12,"column":32}},"loc":{"start":{"line":12,"column":54},"end":{"line":36,"column":1}}},"1":{"name":"(anonymous_1)","decl":{"start":{"line":23,"column":22},"end":{"line":23,"column":23}},"loc":{"start":{"line":23,"column":53},"end":{"line":34,"column":5}}},"2":{"name":"(anonymous_2)","decl":{"start":{"line":25,"column":21},"end":{"line":25,"column":22}},"loc":{"start":{"line":25,"column":46},"end":{"line":30,"column":9}}}},"branchMap":{"0":{"loc":{"start":{"line":26,"column":12},"end":{"line":29,"column":null}},"type":"if","locations":[{"start":{"line":26,"column":12},"end":{"line":29,"column":null}},{"start":{"line":26,"column":12},"end":{"line":29,"column":null}}]},"1":{"loc":{"start":{"line":26,"column":16},"end":{"line":26,"column":41}},"type":"binary-expr","locations":[{"start":{"line":26,"column":16},"end":{"line":26,"column":41}},{"start":{"line":27,"column":16},"end":{"line":27,"column":75}}]},"2":{"loc":{"start":{"line":31,"column":8},"end":{"line":31,"column":null}},"type":"if","locations":[{"start":{"line":31,"column":8},"end":{"line":31,"column":null}},{"start":{"line":31,"column":8},"end":{"line":31,"column":null}}]}},"s":{"0":1,"1":1,"2":2,"3":2,"4":2,"5":2,"6":2,"7":4,"8":1,"9":2,"10":1,"11":1,"12":2,"13":1},"f":{"0":2,"1":2,"2":4},"b":{"0":[1,3],"1":[4,4],"2":[1,1]}}
}
